<?xml version="1.0" encoding="UTF-8"?>
<!-- Generated by org.testng.reporters.JUnitXMLReporter -->
<testsuite hostname="YASUs-MacBook-Pro.local" ignored="0" name="Default test" tests="4" failures="0" timestamp="30 Nov 2019 00:23:17 GMT" time="0.112" errors="0">
  <testcase name="tc1" time="0.012" classname="SeleniumMethod.TestNGGroups"/>
  <testcase name="tc2" time="0.002" classname="SeleniumMethod.TestNGGroups"/>
  <testcase name="tc3" time="0.002" classname="SeleniumMethod.TestNGGroups"/>
  <testcase name="tc4" time="0.002" classname="SeleniumMethod.TestNGGroups"/>
</testsuite> <!-- Default test -->
