<?xml version="1.0" encoding="UTF-8"?>
<!-- Generated by org.testng.reporters.JUnitXMLReporter -->
<testsuite hostname="YASUs-MacBook-Pro.local" ignored="3" tests="0" failures="0" timestamp="30 Nov 2019 00:19:47 GMT" time="0.024" errors="0">
  <testcase name="testMethodTwo" time="0.0" classname="SeleniumMethod.TestNGGroups2">
    <ignored/>
  </testcase> <!-- testMethodTwo -->
  <testcase name="testMethodThree" time="0.0" classname="SeleniumMethod.TestNGGroups2">
    <ignored/>
  </testcase> <!-- testMethodThree -->
  <testcase name="testMethodOne" time="0.0" classname="SeleniumMethod.TestNGGroups2">
    <ignored/>
  </testcase> <!-- testMethodOne -->
</testsuite>
