<?xml version="1.0" encoding="UTF-8"?>
<!-- Generated by org.testng.reporters.JUnitXMLReporter -->
<testsuite hostname="YASUs-MacBook-Pro.local" ignored="2" name="Yasemin Sanity" tests="1" failures="0" timestamp="15 Nov 2019 23:55:36 GMT" time="0.05" errors="0">
  <testcase name="cTest" time="0.023" classname="Annotation.TestAnnotation"/>
  <testcase name="aTest" time="0.0" classname="Annotation.TestAnnotation">
    <ignored/>
  </testcase> <!-- aTest -->
  <testcase name="bTest" time="0.0" classname="Annotation.TestAnnotation">
    <ignored/>
  </testcase> <!-- bTest -->
</testsuite> <!-- Yasemin Sanity -->
